<?xml version="1.0" encoding="UTF-8"?>
<testng-results ignored="0" total="2" passed="2" failed="0" skipped="0">
  <reporter-output>
  </reporter-output>
  <suite started-at="2023-09-29T09:44:27 IST" name="RegressionSuite" finished-at="2023-09-29T09:44:55 IST" duration-ms="27370">
    <groups>
    </groups>
    <test started-at="2023-09-29T09:44:27 IST" name="RegressionTest" finished-at="2023-09-29T09:44:55 IST" duration-ms="27370">
      <class name="com.opencart.testLayer.LoginTest">
        <test-method is-config="true" signature="start()[pri:0, instance:com.opencart.testLayer.LoginTest@5af3afd9]" started-at="2023-09-29T09:44:27 IST" name="start" finished-at="2023-09-29T09:44:27 IST" duration-ms="138" status="PASS">
          <reporter-output>
          </reporter-output>
        </test-method> <!-- start -->
        <test-method is-config="true" signature="setup()[pri:0, instance:com.opencart.testLayer.LoginTest@5af3afd9]" started-at="2023-09-29T09:44:27 IST" name="setup" finished-at="2023-09-29T09:44:35 IST" duration-ms="7871" status="PASS">
          <reporter-output>
          </reporter-output>
        </test-method> <!-- setup -->
        <test-method signature="validateloggingintotheApplicationusinginvalidcredentials()[pri:0, instance:com.opencart.testLayer.LoginTest@5af3afd9]" started-at="2023-09-29T09:44:35 IST" name="validateloggingintotheApplicationusinginvalidcredentials" finished-at="2023-09-29T09:44:39 IST" duration-ms="3466" status="PASS">
          <reporter-output>
          </reporter-output>
        </test-method> <!-- validateloggingintotheApplicationusinginvalidcredentials -->
        <test-method is-config="true" signature="tearDown()[pri:0, instance:com.opencart.testLayer.LoginTest@5af3afd9]" started-at="2023-09-29T09:44:39 IST" name="tearDown" finished-at="2023-09-29T09:44:42 IST" duration-ms="3476" status="PASS">
          <reporter-output>
          </reporter-output>
        </test-method> <!-- tearDown -->
        <test-method is-config="true" signature="setup()[pri:0, instance:com.opencart.testLayer.LoginTest@5af3afd9]" started-at="2023-09-29T09:44:42 IST" name="setup" finished-at="2023-09-29T09:44:47 IST" duration-ms="5043" status="PASS">
          <reporter-output>
          </reporter-output>
        </test-method> <!-- setup -->
        <test-method signature="validateloggingintotheApplicationusingvalidcredentials()[pri:0, instance:com.opencart.testLayer.LoginTest@5af3afd9]" started-at="2023-09-29T09:44:47 IST" name="validateloggingintotheApplicationusingvalidcredentials" finished-at="2023-09-29T09:44:51 IST" duration-ms="3880" status="PASS">
          <reporter-output>
          </reporter-output>
        </test-method> <!-- validateloggingintotheApplicationusingvalidcredentials -->
        <test-method is-config="true" signature="tearDown()[pri:0, instance:com.opencart.testLayer.LoginTest@5af3afd9]" started-at="2023-09-29T09:44:51 IST" name="tearDown" finished-at="2023-09-29T09:44:55 IST" duration-ms="3432" status="PASS">
          <reporter-output>
          </reporter-output>
        </test-method> <!-- tearDown -->
        <test-method is-config="true" signature="end()[pri:0, instance:com.opencart.testLayer.LoginTest@5af3afd9]" started-at="2023-09-29T09:44:55 IST" name="end" finished-at="2023-09-29T09:44:55 IST" duration-ms="2" status="PASS">
          <reporter-output>
          </reporter-output>
        </test-method> <!-- end -->
      </class> <!-- com.opencart.testLayer.LoginTest -->
    </test> <!-- RegressionTest -->
  </suite> <!-- RegressionSuite -->
</testng-results>
